-------------------- Log Start | Fri Nov  3 00:11:21 2023 --------------------
data_path: /home/pi/printer_data
is_default_data_path: False
config_file: /home/pi/printer_data/config/moonraker.conf
startup_warnings: []
verbose: False
debug: False
asyncio_debug: False
is_backup_config: False
is_python_package: False
instance_uuid: b579bdd9210149b4ae77cd59a4c88a8f
unix_socket_path: /home/pi/printer_data/comms/moonraker.sock
software_version: v0.8.0-190-ge03dbe3
git_branch: master
git_remote: origin
git_repo_url: https://github.com/Arksine/moonraker.git
modified_files: []
unofficial_components: []
log_file: /home/pi/printer_data/logs/moonraker.log
python_version: 3.9.2 (default, Mar 12 2021, 04:06:34)  [GCC 10.2.1 20210110]
msgspec_enabled: False
uvloop_enabled: False

#################### Moonraker Configuration ####################

[server]
host = 0.0.0.0
port = 7125
klippy_uds_address = /home/pi/printer_data/comms/klippy.sock

[authorization]
trusted_clients = 
	10.0.0.0/8
	127.0.0.0/8
	169.254.0.0/16
	172.16.0.0/12
	192.168.0.0/16
	FE80::/10
	::1/128
cors_domains = 
	*.lan
	*.local
	*://localhost
	*://localhost:*
	*://my.mainsail.xyz
	*://app.fluidd.xyz

[octoprint_compat]

[history]

[update_manager]
channel = dev
refresh_interval = 168

[update_manager fluidd-config]
type = git_repo
primary_branch = master
path = ~/fluidd-config
origin = https://github.com/fluidd-core/fluidd-config.git
managed_services = klipper

[update_manager fluidd]
type = web
channel = stable
repo = fluidd-core/fluidd
path = ~/fluidd

[update_manager crowsnest]
type = git_repo
path = ~/crowsnest
origin = https://github.com/mainsail-crew/crowsnest.git
managed_services = crowsnest
install_script = tools/pkglist.sh

[power KP400]
type = tplink_smartplug
address = 192.168.1.100
restart_klipper_when_powered = True
restart_delay = 3
off_when_shutdown = True
on_when_job_queued = True
locked_while_printing = True
output_id = 0

#################################################################
All Configuration Files:
/home/pi/printer_data/config/moonraker.conf
#################################################################
Unsafe Shutdown Count: 0

System Info:

***python***
  version: (3, 9, 2, 'final', 0)
  version_string: 3.9.2 (default, Mar 12 2021, 04:06:34)  [GCC 10.2.1 20210110]

***cpu_info***
  cpu_count: 4
  bits: 32bit
  processor: armv7l
  cpu_desc: ARMv7 Processor rev 4 (v7l)
  serial_number: 67f46d49
  hardware_desc: BCM2835
  model: Raspberry Pi 3 Model B Plus Rev 1.3
  total_memory: 858832
  memory_units: kB

***sd_info***
  manufacturer_id: 03
  manufacturer: Sandisk
  oem_id: 5344
  product_name: SC32G
  product_revision: 8.0
  serial_number: 6e7ba01c
  manufacturer_date: 1/2022
  capacity: 29.7 GiB
  total_bytes: 31914983424

***distribution***
  name: Raspbian GNU/Linux 11 (bullseye)
  id: raspbian
  version: 11
  version_parts: {'major': '11', 'minor': '', 'build_number': ''}
  like: debian
  codename: bullseye
  release_info: {}

***virtualization***
  virt_type: none
  virt_identifier: none

***network***

***canbus***

***Allowed Services***
  klipper_mcu
  webcamd
  MoonCord
  KlipperScreen
  moonraker-telegram-bot
  moonraker-obico
  sonar
  crowsnest
  octoeverywhere
  ratos-configurator

Systemd unit moonraker.service:
unit_name: moonraker.service
is_default: True
manager: systemd
Properties:
**Requires=['sysinit.target', '-.mount', 'system.slice', 'network-online.target']
**After=['sysinit.target', 'systemd-journald.socket', '-.mount', 'system.slice', 'basic.target', 'network-online.target']
**SupplementaryGroups=['moonraker-admin']
**EnvironmentFiles=/home/pi/printer_data/systemd/moonraker.env
**ExecStart=/home/pi/moonraker-env/bin/python $MOONRAKER_ARGS
**WorkingDirectory=/home/pi/moonraker
**FragmentPath=/etc/systemd/system/moonraker.service
**Description=API Server for Klipper SV1
**User=pi

Systemd unit klipper.service:
unit_name: klipper.service
is_default: True
manager: systemd
Properties:
**Requires=['sysinit.target', 'system.slice', '-.mount']
**After=['sysinit.target', 'systemd-journald.socket', '-.mount', 'system.slice', 'basic.target', 'network-online.target']
**SupplementaryGroups=[]
**EnvironmentFiles=/home/pi/printer_data/systemd/klipper.env
**ExecStart=/home/pi/klippy-env/bin/python $KLIPPER_ARGS
**WorkingDirectory=/home/pi/klipper
**FragmentPath=/etc/systemd/system/klipper.service
**Description=Klipper 3D Printer Firmware SV1
**User=pi
CPU Throttled Flags: ['Previously Temperature Limited']
Git Repo moonraker: No warnings detected
Git Repo klipper: No warnings detected
Git Repo crowsnest: No warnings detected
Klipper Version: v0.11.0-307-gbee7ec72-dirty
Git Repo fluidd-config: No warnings detected
2023-11-03 00:11:21,722 [app.py:prepare()] - Upload Request Received from 192.168.1.104
Content-Type: multipart/form-data; boundary=----WebKitFormBoundary9sm021tZrPN4K3ef
2023-11-03 00:11:21,752 [app.py:post()] - Processing Uploaded File: printer.cfg
2023-11-03 00:11:21,766 [app.py:log_request()] - 201 POST /server/files/upload (192.168.1.104) [_TRUSTED_USER_] 46.44ms
2023-11-03 00:11:21,825 [klippy_connection.py:_on_connection_closed()] - Klippy Connection Removed
2023-11-03 00:11:21,854 [common.py:build_error()] - JSON-RPC Request Error - Requested Method: printer.info, Code: 503, Message: Klippy Host not connected
2023-11-03 00:11:23,084 [klippy_connection.py:_do_connect()] - Klippy Connection Established
2023-11-03 00:12:53,472 [klippy_connection.py:_request_initial_subscriptions()] - Webhooks Subscribed
2023-11-03 00:12:53,479 [klippy_connection.py:_request_initial_subscriptions()] - GCode Output Subscribed
2023-11-03 00:12:53,485 [klippy_connection.py:_check_ready()] - 
mcu 'mcu': Unable to connect
Once the underlying issue is corrected, use the
"FIRMWARE_RESTART" command to reset the firmware, reload the
config, and restart the host software.
Error configuring printer

2023-11-03 00:14:07,125 [power.py:_schedule_firmware_restart()] - Power Device KP400: Sending FIRMWARE_RESTART command to Klippy
2023-11-03 00:14:10,137 [klippy_connection.py:_on_connection_closed()] - Klippy Connection Removed
2023-11-03 00:14:10,158 [common.py:build_error()] - JSON-RPC Request Error - Requested Method: printer.info, Code: 503, Message: Klippy Host not connected
2023-11-03 00:14:11,401 [klippy_connection.py:_do_connect()] - Klippy Connection Established
2023-11-03 00:14:13,811 [klippy_connection.py:_request_initial_subscriptions()] - Webhooks Subscribed
2023-11-03 00:14:13,815 [klippy_connection.py:_request_initial_subscriptions()] - GCode Output Subscribed
2023-11-03 00:14:14,063 [job_state.py:_handle_started()] - Job state initialized: standby
2023-11-03 00:14:14,342 [klippy_connection.py:_check_ready()] - Klippy ready
2023-11-03 00:14:14,816 [data_store.py:_init_sensors()] - Configuring available sensors: ['heater_bed', 'extruder']
2023-11-03 00:15:40,341 [common.py:build_error()] - JSON-RPC Request Error - Requested Method: printer.gcode.script, Code: 400, Message: {'error': 'WebRequestError', 'message': 'Must home X and Y axes first'}
2023-11-03 00:33:40,433 [authorization.py:_check_trusted_connection()] - Trusted Connection Detected, IP: 192.168.1.73
2023-11-03 00:33:40,436 [app.py:log_request()] - 101 GET /websocket?token=BLVSG53XRPW6QN4RDVDEKAH4C56LXVYG (192.168.1.73) [_TRUSTED_USER_] 6.93ms
2023-11-03 00:33:40,437 [websockets.py:open()] - Websocket Opened: ID: 1727684840, Proxied: True, User Agent: Mozilla/5.0 (Linux; Android 9; KFTRWI) AppleWebKit/537.36 (KHTML, like Gecko) Silk/118.1.77 like Chrome/118.0.5993.111 Safari/537.36, Host Name: 192.168.1.79
2023-11-03 00:33:40,514 [websockets.py:_handle_identify()] - Websocket 1727684840 Client Identified - Name: fluidd, Version: 1.26.1-62acc09, Type: web
2023-11-03 00:33:40,516 [file_manager.py:get_file_list()] - Updating File List <config>...
2023-11-03 00:37:52,445 [websockets.py:on_close()] - Websocket Closed: ID: 1727684840 Close Code: None, Close Reason: None, Pong Time Elapsed: 2.00
2023-11-03 00:39:10,765 [app.py:prepare()] - Upload Request Received from 192.168.1.104
Content-Type: multipart/form-data; boundary=----WebKitFormBoundary538IG0vMAZdPv75U
2023-11-03 00:39:10,798 [app.py:post()] - Processing Uploaded File: printer.cfg
2023-11-03 00:39:10,817 [app.py:log_request()] - 201 POST /server/files/upload (192.168.1.104) [_TRUSTED_USER_] 54.04ms
2023-11-03 00:39:11,915 [klippy_connection.py:_on_connection_closed()] - Klippy Connection Removed
2023-11-03 00:39:11,934 [common.py:build_error()] - JSON-RPC Request Error - Requested Method: printer.info, Code: 503, Message: Klippy Host not connected
2023-11-03 00:39:13,177 [klippy_connection.py:_do_connect()] - Klippy Connection Established
2023-11-03 00:39:15,576 [klippy_connection.py:_request_initial_subscriptions()] - Webhooks Subscribed
2023-11-03 00:39:15,580 [klippy_connection.py:_request_initial_subscriptions()] - GCode Output Subscribed
2023-11-03 00:39:15,827 [job_state.py:_handle_started()] - Job state initialized: standby
2023-11-03 00:39:16,101 [klippy_connection.py:_check_ready()] - Klippy ready
2023-11-03 00:39:16,578 [data_store.py:_init_sensors()] - Configuring available sensors: ['heater_bed', 'extruder']
2023-11-03 00:43:12,347 [app.py:log_request()] - 101 GET /websocket?token=ERIMQLWOXPCLL2MMWCHEWTTRZE6RW5UH (192.168.1.73) [_TRUSTED_USER_] 5.84ms
2023-11-03 00:43:12,348 [websockets.py:open()] - Websocket Opened: ID: 1746922560, Proxied: True, User Agent: Mozilla/5.0 (Linux; Android 9; KFTRWI) AppleWebKit/537.36 (KHTML, like Gecko) Silk/118.1.77 like Chrome/118.0.5993.111 Safari/537.36, Host Name: 192.168.1.79
2023-11-03 00:43:12,365 [websockets.py:_handle_identify()] - Websocket 1746922560 Client Identified - Name: fluidd, Version: 1.26.1-62acc09, Type: web
2023-11-03 00:43:12,366 [file_manager.py:get_file_list()] - Updating File List <config>...
2023-11-03 00:47:59,695 [websockets.py:on_close()] - Websocket Closed: ID: 1746922560 Close Code: None, Close Reason: None, Pong Time Elapsed: 7.33
2023-11-03 00:49:33,023 [app.py:log_request()] - 101 GET /websocket?token=S22NPHEMDWGUZRFZC2QJCPZ6UYNURA7R (192.168.1.73) [_TRUSTED_USER_] 7.84ms
2023-11-03 00:49:33,024 [websockets.py:open()] - Websocket Opened: ID: 1717410160, Proxied: True, User Agent: Mozilla/5.0 (Linux; Android 9; KFTRWI) AppleWebKit/537.36 (KHTML, like Gecko) Silk/118.1.77 like Chrome/118.0.5993.111 Safari/537.36, Host Name: 192.168.1.79
2023-11-03 00:49:33,039 [websockets.py:_handle_identify()] - Websocket 1717410160 Client Identified - Name: fluidd, Version: 1.26.1-62acc09, Type: web
2023-11-03 00:49:33,041 [file_manager.py:get_file_list()] - Updating File List <config>...
2023-11-03 00:52:39,554 [klippy_connection.py:_on_connection_closed()] - Klippy Connection Removed
2023-11-03 00:52:39,658 [common.py:build_error()] - JSON-RPC Request Error - Requested Method: printer.info, Code: 503, Message: Klippy Host not connected
2023-11-03 00:52:40,508 [common.py:build_error()] - JSON-RPC Request Error - Requested Method: printer.info, Code: 503, Message: Klippy Host not connected
2023-11-03 00:52:40,822 [klippy_connection.py:_do_connect()] - Klippy Connection Established
2023-11-03 00:52:43,225 [klippy_connection.py:_request_initial_subscriptions()] - Webhooks Subscribed
2023-11-03 00:52:43,230 [klippy_connection.py:_request_initial_subscriptions()] - GCode Output Subscribed
2023-11-03 00:52:43,477 [job_state.py:_handle_started()] - Job state initialized: standby
2023-11-03 00:52:43,752 [klippy_connection.py:_check_ready()] - Klippy ready
2023-11-03 00:52:44,230 [data_store.py:_init_sensors()] - Configuring available sensors: ['heater_bed', 'extruder']
2023-11-03 00:52:50,696 [app.py:prepare()] - Upload Request Received from 192.168.1.104
Content-Type: multipart/form-data; boundary=----WebKitFormBoundaryskybIt17nLlTG9iU
2023-11-03 00:52:50,710 [app.py:post()] - Processing Uploaded File: printer.cfg
2023-11-03 00:52:50,719 [app.py:log_request()] - 201 POST /server/files/upload (192.168.1.104) [_TRUSTED_USER_] 24.94ms
2023-11-03 00:52:51,821 [klippy_connection.py:_on_connection_closed()] - Klippy Connection Removed
2023-11-03 00:52:51,842 [common.py:build_error()] - JSON-RPC Request Error - Requested Method: printer.info, Code: 503, Message: Klippy Host not connected
2023-11-03 00:52:53,085 [klippy_connection.py:_do_connect()] - Klippy Connection Established
2023-11-03 00:52:55,505 [klippy_connection.py:_request_initial_subscriptions()] - Webhooks Subscribed
2023-11-03 00:52:55,508 [klippy_connection.py:_request_initial_subscriptions()] - GCode Output Subscribed
2023-11-03 00:52:55,758 [job_state.py:_handle_started()] - Job state initialized: standby
2023-11-03 00:52:56,033 [klippy_connection.py:_check_ready()] - Klippy ready
2023-11-03 00:52:56,515 [data_store.py:_init_sensors()] - Configuring available sensors: ['heater_bed', 'extruder']
2023-11-03 00:54:40,072 [job_state.py:_status_update()] - Job Started: Untitled.gcode
2023-11-03 00:55:38,175 [websockets.py:on_close()] - Websocket Closed: ID: 1717410160 Close Code: None, Close Reason: None, Pong Time Elapsed: 5.14
2023-11-03 01:03:47,476 [app.py:log_request()] - 101 GET /websocket?token=75LO7PK5L3MKBVFO56TCTJXTKVX4MCYD (192.168.1.73) [_TRUSTED_USER_] 6.02ms
2023-11-03 01:03:47,477 [websockets.py:open()] - Websocket Opened: ID: 1696331376, Proxied: True, User Agent: Mozilla/5.0 (Linux; Android 9; KFTRWI) AppleWebKit/537.36 (KHTML, like Gecko) Silk/118.1.77 like Chrome/118.0.5993.111 Safari/537.36, Host Name: 192.168.1.79
2023-11-03 01:03:47,496 [websockets.py:_handle_identify()] - Websocket 1696331376 Client Identified - Name: fluidd, Version: 1.26.1-62acc09, Type: web
2023-11-03 01:03:47,498 [file_manager.py:get_file_list()] - Updating File List <config>...
2023-11-03 01:03:51,628 [websockets.py:on_close()] - Websocket Closed: ID: 1696331376 Close Code: None, Close Reason: None, Pong Time Elapsed: 4.16
2023-11-03 01:03:52,281 [job_state.py:_status_update()] - Job Started: Untitled.gcode
2023-11-03 01:14:52,767 [app.py:prepare()] - Upload Request Received from 192.168.1.104
Content-Type: multipart/form-data; boundary=----WebKitFormBoundary6hr4VsvFFOEasaD9
2023-11-03 01:14:52,794 [app.py:post()] - Processing Uploaded File: printer.cfg
2023-11-03 01:14:52,809 [app.py:log_request()] - 201 POST /server/files/upload (192.168.1.104) [_TRUSTED_USER_] 44.71ms
2023-11-03 01:14:53,927 [klippy_connection.py:_on_connection_closed()] - Klippy Connection Removed
2023-11-03 01:14:53,946 [common.py:build_error()] - JSON-RPC Request Error - Requested Method: printer.info, Code: 503, Message: Klippy Host not connected
2023-11-03 01:14:55,188 [klippy_connection.py:_do_connect()] - Klippy Connection Established
2023-11-03 01:14:57,596 [klippy_connection.py:_request_initial_subscriptions()] - Webhooks Subscribed
2023-11-03 01:14:57,602 [klippy_connection.py:_request_initial_subscriptions()] - GCode Output Subscribed
2023-11-03 01:14:57,847 [job_state.py:_handle_started()] - Job state initialized: standby
2023-11-03 01:14:58,125 [klippy_connection.py:_check_ready()] - Klippy ready
2023-11-03 01:14:58,615 [data_store.py:_init_sensors()] - Configuring available sensors: ['heater_bed', 'extruder']
2023-11-03 01:23:44,880 [app.py:prepare()] - Upload Request Received from 192.168.1.104
Content-Type: multipart/form-data; boundary=----WebKitFormBoundaryt8rrNorDtG6x28Bz
2023-11-03 01:23:44,911 [app.py:post()] - Processing Uploaded File: printer.cfg
2023-11-03 01:23:44,929 [app.py:log_request()] - 201 POST /server/files/upload (192.168.1.104) [_TRUSTED_USER_] 51.10ms
2023-11-03 01:23:46,081 [klippy_connection.py:_on_connection_closed()] - Klippy Connection Removed
2023-11-03 01:23:46,108 [common.py:build_error()] - JSON-RPC Request Error - Requested Method: printer.info, Code: 503, Message: Klippy Host not connected
2023-11-03 01:23:47,345 [klippy_connection.py:_do_connect()] - Klippy Connection Established
2023-11-03 01:23:49,784 [klippy_connection.py:_request_initial_subscriptions()] - Webhooks Subscribed
2023-11-03 01:23:49,788 [klippy_connection.py:_request_initial_subscriptions()] - GCode Output Subscribed
2023-11-03 01:23:50,036 [job_state.py:_handle_started()] - Job state initialized: standby
2023-11-03 01:23:50,314 [klippy_connection.py:_check_ready()] - Klippy ready
2023-11-03 01:23:50,805 [data_store.py:_init_sensors()] - Configuring available sensors: ['heater_bed', 'extruder']
2023-11-03 01:28:40,053 [job_state.py:_status_update()] - Job Started: Untitled.gcode
2023-11-03 02:14:41,580 [authorization.py:_prune_conn_handler()] - Trusted Connection Expired, IP: 192.168.1.73
2023-11-03 02:24:41,582 [authorization.py:_prune_conn_handler()] - Trusted Connection Expired, IP: 192.168.1.104
2023-11-03 02:36:01,749 [authorization.py:_check_trusted_connection()] - Trusted Connection Detected, IP: 192.168.1.104
2023-11-03 02:43:48,132 [app.py:prepare()] - Upload Request Received from 192.168.1.104
Content-Type: multipart/form-data; boundary=boundary_.oOo._GV0SDNVQwwkSg8f0bh7arOCMmXBbqpQ0
2023-11-03 02:43:48,319 [app.py:post()] - Processing Uploaded File: /CE3S1_square_tower.gcode
2023-11-03 02:43:48,708 [shell_command.py:pipe_data_received()] - INFO:metadata:Object Processing is disabled

2023-11-03 02:43:48,808 [shell_command.py:_check_proc_success()] - Command (/home/pi/moonraker-env/bin/python /home/pi/moonraker/moonraker/components/file_manager/metadata.py -p /home/pi/printer_data/gcodes -f "CE3S1_square_tower.gcode") successfully finished
2023-11-03 02:43:48,815 [app.py:log_request()] - 201 POST /server/files/upload (192.168.1.104) [_TRUSTED_USER_] 685.78ms
2023-11-03 02:46:31,933 [job_state.py:_status_update()] - Job Started: CE3S1_square_tower.gcode
2023-11-03 02:57:43,241 [job_state.py:_status_update()] - Job Started: CE3S1_square_tower.gcode
2023-11-03 03:21:21,320 [app.py:prepare()] - Upload Request Received from 192.168.1.104
Content-Type: multipart/form-data; boundary=----WebKitFormBoundaryDFhvf6VAaqDThRCp
2023-11-03 03:21:21,352 [app.py:post()] - Processing Uploaded File: macros.cfg
2023-11-03 03:21:21,372 [app.py:log_request()] - 201 POST /server/files/upload (192.168.1.104) [_TRUSTED_USER_] 54.24ms
2023-11-03 03:21:45,416 [app.py:prepare()] - Upload Request Received from 192.168.1.104
Content-Type: multipart/form-data; boundary=----WebKitFormBoundaryvTYlKcMrQLUXkrLI
2023-11-03 03:21:45,443 [app.py:post()] - Processing Uploaded File: macros.cfg
2023-11-03 03:21:45,459 [app.py:log_request()] - 201 POST /server/files/upload (192.168.1.104) [_TRUSTED_USER_] 45.37ms
2023-11-03 04:13:39,970 [app.py:log_request()] - 101 GET /websocket?token=VM7CA2TYEOJP6HUKCASSLXTH6IOET3YI (192.168.1.104) [_TRUSTED_USER_] 5.60ms
2023-11-03 04:13:39,971 [websockets.py:open()] - Websocket Opened: ID: 1696304504, Proxied: True, User Agent: Mozilla/5.0 (Windows NT 10.0; Win64; x64) AppleWebKit/537.36 (KHTML, like Gecko) Chrome/118.0.0.0 Safari/537.36 Edg/118.0.2088.76, Host Name: pi.local
2023-11-03 04:13:39,990 [websockets.py:_handle_identify()] - Websocket 1696304504 Client Identified - Name: fluidd, Version: 1.26.1-62acc09, Type: web
2023-11-03 04:13:39,993 [file_manager.py:get_file_list()] - Updating File List <config>...
2023-11-03 04:14:50,583 [app.py:prepare()] - Upload Request Received from 192.168.1.104
Content-Type: multipart/form-data; boundary=----WebKitFormBoundaryDx2mSFie9HLAUTWg
2023-11-03 04:14:50,614 [app.py:post()] - Processing Uploaded File: macros.cfg
2023-11-03 04:14:50,630 [app.py:log_request()] - 201 POST /server/files/upload (192.168.1.104) [_TRUSTED_USER_] 48.58ms
2023-11-03 04:14:51,747 [klippy_connection.py:_on_connection_closed()] - Klippy Connection Removed
2023-11-03 04:14:51,775 [common.py:build_error()] - JSON-RPC Request Error - Requested Method: printer.info, Code: 503, Message: Klippy Host not connected
2023-11-03 04:14:51,819 [common.py:build_error()] - JSON-RPC Request Error - Requested Method: printer.info, Code: 503, Message: Klippy Host not connected
2023-11-03 04:14:53,014 [klippy_connection.py:_do_connect()] - Klippy Connection Established
2023-11-03 04:14:55,416 [klippy_connection.py:_request_initial_subscriptions()] - Webhooks Subscribed
2023-11-03 04:14:55,420 [klippy_connection.py:_request_initial_subscriptions()] - GCode Output Subscribed
2023-11-03 04:14:55,667 [job_state.py:_handle_started()] - Job state initialized: standby
2023-11-03 04:14:55,931 [klippy_connection.py:_check_ready()] - Klippy ready
2023-11-03 04:14:56,430 [data_store.py:_init_sensors()] - Configuring available sensors: ['heater_bed', 'extruder']
2023-11-03 04:15:48,595 [app.py:prepare()] - Upload Request Received from 192.168.1.104
Content-Type: multipart/form-data; boundary=boundary_.oOo._kjdT2wDaWgDhLtDDFlQHhejYCAF/6T4b
2023-11-03 04:15:48,603 [app.py:data_received()] - Chunk Parsing Error
Traceback (most recent call last):
  File "/home/pi/moonraker/moonraker/app.py", line 963, in data_received
    await evt_loop.run_in_thread(self._parser.data_received, chunk)
  File "/usr/lib/python3.9/concurrent/futures/thread.py", line 52, in run
    result = self.fn(*self.args, **self.kwargs)
  File "/home/pi/moonraker-env/lib/python3.9/site-packages/streaming_form_data/parser.py", line 82, in data_received
    raise ParseFailedException(
streaming_form_data.parser.ParseFailedException: _parser.data_received failed with delimiting multipart stream into parts
2023-11-03 04:15:48,721 [web.py:log_exception()] - 500 POST /server/files/upload (192.168.1.104): File Upload Parsing Failed
2023-11-03 04:15:48,724 [app.py:log_request()] - 500 POST /server/files/upload (192.168.1.104) [_TRUSTED_USER_] 130.04ms
2023-11-03 04:15:57,406 [app.py:prepare()] - Upload Request Received from 192.168.1.104
Content-Type: multipart/form-data; boundary=boundary_.oOo._R0CJ5UNGleFG50phTtqXQ/n+D/Rz29En
2023-11-03 04:15:57,413 [app.py:data_received()] - Chunk Parsing Error
Traceback (most recent call last):
  File "/home/pi/moonraker/moonraker/app.py", line 963, in data_received
    await evt_loop.run_in_thread(self._parser.data_received, chunk)
  File "/usr/lib/python3.9/concurrent/futures/thread.py", line 52, in run
    result = self.fn(*self.args, **self.kwargs)
  File "/home/pi/moonraker-env/lib/python3.9/site-packages/streaming_form_data/parser.py", line 82, in data_received
    raise ParseFailedException(
streaming_form_data.parser.ParseFailedException: _parser.data_received failed with delimiting multipart stream into parts
2023-11-03 04:15:57,545 [web.py:log_exception()] - 500 POST /server/files/upload (192.168.1.104): File Upload Parsing Failed
2023-11-03 04:15:57,548 [app.py:log_request()] - 500 POST /server/files/upload (192.168.1.104) [_TRUSTED_USER_] 144.22ms
2023-11-03 04:16:20,108 [app.py:prepare()] - Upload Request Received from 192.168.1.104
Content-Type: multipart/form-data; boundary=boundary_.oOo._2HggTiPrpDbzUk3ZlLiH1UsPbc77hZ6i
2023-11-03 04:16:20,246 [app.py:post()] - Processing Uploaded File: /CE3S1_square_tower.gcode
2023-11-03 04:16:20,628 [shell_command.py:pipe_data_received()] - INFO:metadata:Object Processing is disabled

2023-11-03 04:16:20,730 [shell_command.py:_check_proc_success()] - Command (/home/pi/moonraker-env/bin/python /home/pi/moonraker/moonraker/components/file_manager/metadata.py -p /home/pi/printer_data/gcodes -f "CE3S1_square_tower.gcode") successfully finished
2023-11-03 04:16:20,736 [app.py:log_request()] - 201 POST /server/files/upload (192.168.1.104) [_TRUSTED_USER_] 629.37ms
2023-11-03 04:16:28,724 [job_state.py:_status_update()] - Job Started: CE3S1_square_tower.gcode
2023-11-03 05:02:32,890 [websockets.py:write_to_socket()] - Websocket closed while writing: 1716854088
2023-11-03 05:02:37,748 [websockets.py:on_close()] - Websocket Closed: ID: 1716854088 Close Code: None, Close Reason: None, Pong Time Elapsed: 45.00
2023-11-03 05:19:41,626 [authorization.py:_prune_conn_handler()] - Trusted Connection Expired, IP: 192.168.1.104
2023-11-03 05:31:37,498 [authorization.py:_check_trusted_connection()] - Trusted Connection Detected, IP: 192.168.1.104
2023-11-03 05:31:37,639 [app.py:prepare()] - Upload Request Received from 192.168.1.104
Content-Type: multipart/form-data; boundary=boundary_.oOo._AdR9LKvO672yuJCbKgZgWFNnPqcjnwQd
2023-11-03 05:31:37,925 [app.py:post()] - Processing Uploaded File: /Untitled.gcode
2023-11-03 05:31:38,306 [shell_command.py:pipe_data_received()] - INFO:metadata:Object Processing is disabled

2023-11-03 05:31:38,408 [shell_command.py:_check_proc_success()] - Command (/home/pi/moonraker-env/bin/python /home/pi/moonraker/moonraker/components/file_manager/metadata.py -p /home/pi/printer_data/gcodes -f "Untitled.gcode") successfully finished
2023-11-03 05:31:38,422 [app.py:log_request()] - 201 POST /server/files/upload (192.168.1.104) [_TRUSTED_USER_] 784.82ms
2023-11-03 05:31:38,593 [job_state.py:_status_update()] - Job Started: Untitled.gcode
2023-11-03 05:43:03,119 [job_state.py:_status_update()] - Job Started: Untitled.gcode
2023-11-03 05:49:45,171 [job_state.py:_status_update()] - Job Started: Untitled.gcode
2023-11-03 06:26:10,210 [websockets.py:write_to_socket()] - Websocket closed while writing: 1696304504
2023-11-03 06:26:14,982 [websockets.py:on_close()] - Websocket Closed: ID: 1696304504 Close Code: None, Close Reason: None, Pong Time Elapsed: 45.00
2023-11-03 06:34:41,646 [authorization.py:_prune_conn_handler()] - Trusted Connection Expired, IP: 192.168.1.104
2023-11-03 06:58:52,546 [authorization.py:_check_trusted_connection()] - Trusted Connection Detected, IP: 192.168.1.104
2023-11-03 06:58:52,910 [app.py:log_request()] - 101 GET /websocket?token=ASFYYWBD45GS4QED4NVUOIDZLA3LIBX6 (192.168.1.104) [_TRUSTED_USER_] 5.72ms
2023-11-03 06:58:52,912 [websockets.py:open()] - Websocket Opened: ID: 1696074480, Proxied: True, User Agent: Mozilla/5.0 (Windows NT 10.0; Win64; x64) AppleWebKit/537.36 (KHTML, like Gecko) Chrome/118.0.0.0 Safari/537.36 Edg/118.0.2088.76, Host Name: pi.local
2023-11-03 06:58:52,921 [websockets.py:_handle_identify()] - Websocket 1696074480 Client Identified - Name: fluidd, Version: 1.26.1-62acc09, Type: web
2023-11-03 06:58:52,923 [file_manager.py:get_file_list()] - Updating File List <config>...
2023-11-03 07:50:15,005 [app.py:log_request()] - 101 GET /websocket?token=Y3HVCRNRJH6JF356JOPWRC3QY4R265DF (192.168.1.104) [_TRUSTED_USER_] 5.38ms
2023-11-03 07:50:15,006 [websockets.py:open()] - Websocket Opened: ID: 1696075200, Proxied: True, User Agent: Mozilla/5.0 (Windows NT 10.0; Win64; x64) AppleWebKit/537.36 (KHTML, like Gecko) Chrome/118.0.0.0 Safari/537.36 Edg/118.0.2088.76, Host Name: pi.local
2023-11-03 07:50:15,016 [websockets.py:_handle_identify()] - Websocket 1696075200 Client Identified - Name: fluidd, Version: 1.26.1-62acc09, Type: web
2023-11-03 07:50:15,018 [file_manager.py:get_file_list()] - Updating File List <config>...
2023-11-03 08:00:12,940 [websockets.py:write_to_socket()] - Websocket closed while writing: 1696074480
2023-11-03 08:00:17,916 [websockets.py:on_close()] - Websocket Closed: ID: 1696074480 Close Code: None, Close Reason: None, Pong Time Elapsed: 45.00
2023-11-03 08:13:56,193 [app.py:prepare()] - Upload Request Received from 192.168.1.104
Content-Type: multipart/form-data; boundary=----WebKitFormBoundary1AIuO9jkSvHbVaff
2023-11-03 08:13:56,231 [app.py:post()] - Processing Uploaded File: macros.cfg
2023-11-03 08:13:56,247 [app.py:log_request()] - 201 POST /server/files/upload (192.168.1.104) [_TRUSTED_USER_] 56.71ms
2023-11-03 08:15:36,432 [app.py:prepare()] - Upload Request Received from 192.168.1.104
Content-Type: multipart/form-data; boundary=----WebKitFormBoundaryFTpRfddsBk3FjcCZ
2023-11-03 08:15:36,464 [app.py:post()] - Processing Uploaded File: macros.cfg
2023-11-03 08:15:36,476 [app.py:log_request()] - 201 POST /server/files/upload (192.168.1.104) [_TRUSTED_USER_] 46.59ms
2023-11-03 08:21:56,145 [app.py:prepare()] - Upload Request Received from 192.168.1.104
Content-Type: multipart/form-data; boundary=boundary_.oOo._Hcu7XEd0LIQ2MKLnEpcK3GMnturbzAA6
2023-11-03 08:21:56,526 [app.py:post()] - Processing Uploaded File: /Resonance Compensation Tower.gcode
2023-11-03 08:21:56,910 [shell_command.py:pipe_data_received()] - INFO:metadata:Object Processing is disabled

2023-11-03 08:21:57,012 [shell_command.py:_check_proc_success()] - Command (/home/pi/moonraker-env/bin/python /home/pi/moonraker/moonraker/components/file_manager/metadata.py -p /home/pi/printer_data/gcodes -f "Resonance Compensation Tower.gcode") successfully finished
2023-11-03 08:21:57,019 [app.py:log_request()] - 201 POST /server/files/upload (192.168.1.104) [_TRUSTED_USER_] 876.71ms
2023-11-03 09:24:41,438 [app.py:prepare()] - Upload Request Received from 192.168.1.104
Content-Type: multipart/form-data; boundary=----WebKitFormBoundarykSuPITuxz3B8qPCs
2023-11-03 09:24:41,475 [app.py:post()] - Processing Uploaded File: macros.cfg
2023-11-03 09:24:41,492 [app.py:log_request()] - 201 POST /server/files/upload (192.168.1.104) [_TRUSTED_USER_] 55.94ms
2023-11-03 10:24:41,718 [authorization.py:_prune_conn_handler()] - Trusted Connection Expired, IP: 192.168.1.104
2023-11-03 13:53:04,760 [klippy_connection.py:_process_status_update()] - Klippy has shutdown
2023-11-03 13:53:04,766 [power.py:_power_off_on_shutdown()] - Powering off device 'KP400' due to klippy shutdown
2023-11-03 13:53:04,778 [proc_stats.py:_handle_shutdown()] - 
Moonraker System Usage Statistics:
System Time: 1699019555.035855, Usage: 3.0%, Memory: 32820 kB
System Time: 1699019556.035581, Usage: 2.64%, Memory: 32820 kB
System Time: 1699019557.037511, Usage: 2.72%, Memory: 32820 kB
System Time: 1699019558.039750, Usage: 2.6%, Memory: 32820 kB
System Time: 1699019559.041352, Usage: 2.71%, Memory: 32820 kB
System Time: 1699019560.040526, Usage: 2.55%, Memory: 32820 kB
System Time: 1699019561.043235, Usage: 2.52%, Memory: 32820 kB
System Time: 1699019562.045575, Usage: 4.9%, Memory: 32820 kB
System Time: 1699019563.046826, Usage: 2.82%, Memory: 32820 kB
System Time: 1699019564.048272, Usage: 2.61%, Memory: 32820 kB
System Time: 1699019565.051190, Usage: 3.04%, Memory: 32820 kB
System Time: 1699019566.050874, Usage: 2.69%, Memory: 32820 kB
System Time: 1699019567.052153, Usage: 2.59%, Memory: 32820 kB
System Time: 1699019568.053549, Usage: 2.56%, Memory: 32820 kB
System Time: 1699019569.056327, Usage: 2.72%, Memory: 32820 kB
System Time: 1699019570.057795, Usage: 2.67%, Memory: 32820 kB
System Time: 1699019571.057955, Usage: 2.74%, Memory: 32820 kB
System Time: 1699019572.060724, Usage: 4.87%, Memory: 32820 kB
System Time: 1699019573.061655, Usage: 2.79%, Memory: 32820 kB
System Time: 1699019574.061437, Usage: 2.7%, Memory: 32820 kB
System Time: 1699019575.060856, Usage: 3.06%, Memory: 32820 kB
System Time: 1699019576.064650, Usage: 2.44%, Memory: 32820 kB
System Time: 1699019577.065047, Usage: 2.71%, Memory: 32820 kB
System Time: 1699019578.071850, Usage: 2.47%, Memory: 32820 kB
System Time: 1699019579.067258, Usage: 5.68%, Memory: 32820 kB
System Time: 1699019580.069421, Usage: 2.62%, Memory: 32820 kB
System Time: 1699019581.071831, Usage: 2.71%, Memory: 32820 kB
System Time: 1699019582.074022, Usage: 4.53%, Memory: 32820 kB
System Time: 1699019583.075482, Usage: 2.75%, Memory: 32820 kB
System Time: 1699019584.076328, Usage: 2.56%, Memory: 32820 kB
CPU Temperature: 52.078
2023-11-03 13:53:04,787 [proc_stats.py:_handle_shutdown()] - Throttled Flags: Previously Temperature Limited
2023-11-03 13:53:05,208 [authorization.py:_check_trusted_connection()] - Trusted Connection Detected, IP: 192.168.1.104
2023-11-03 14:54:41,782 [authorization.py:_prune_conn_handler()] - Trusted Connection Expired, IP: 192.168.1.104
2023-11-03 15:25:24,740 [power.py:_schedule_firmware_restart()] - Power Device KP400: Sending FIRMWARE_RESTART command to Klippy
2023-11-03 15:25:27,757 [klippy_connection.py:_on_connection_closed()] - Klippy Connection Removed
2023-11-03 15:25:27,823 [common.py:build_error()] - JSON-RPC Request Error - Requested Method: printer.info, Code: 503, Message: Klippy Host not connected
2023-11-03 15:25:29,020 [klippy_connection.py:_do_connect()] - Klippy Connection Established
2023-11-03 15:25:31,432 [klippy_connection.py:_request_initial_subscriptions()] - Webhooks Subscribed
2023-11-03 15:25:31,436 [klippy_connection.py:_request_initial_subscriptions()] - GCode Output Subscribed
2023-11-03 15:25:31,684 [job_state.py:_handle_started()] - Job state initialized: standby
2023-11-03 15:25:31,960 [klippy_connection.py:_check_ready()] - Klippy ready
2023-11-03 15:25:32,440 [data_store.py:_init_sensors()] - Configuring available sensors: ['heater_bed', 'extruder']
2023-11-03 15:25:32,931 [authorization.py:_check_trusted_connection()] - Trusted Connection Detected, IP: 192.168.1.104
2023-11-03 15:44:47,017 [app.py:prepare()] - Upload Request Received from 192.168.1.104
Content-Type: multipart/form-data; boundary=----WebKitFormBoundary535GSM2T7cHBnmEx
2023-11-03 15:44:47,047 [app.py:post()] - Processing Uploaded File: printer.cfg
2023-11-03 15:44:47,063 [app.py:log_request()] - 201 POST /server/files/upload (192.168.1.104) [_TRUSTED_USER_] 47.72ms
2023-11-03 15:44:48,152 [klippy_connection.py:_on_connection_closed()] - Klippy Connection Removed
2023-11-03 15:44:48,175 [common.py:build_error()] - JSON-RPC Request Error - Requested Method: printer.info, Code: 503, Message: Klippy Host not connected
2023-11-03 15:44:49,414 [klippy_connection.py:_do_connect()] - Klippy Connection Established
2023-11-03 15:44:51,823 [klippy_connection.py:_request_initial_subscriptions()] - Webhooks Subscribed
2023-11-03 15:44:51,827 [klippy_connection.py:_request_initial_subscriptions()] - GCode Output Subscribed
2023-11-03 15:44:52,074 [job_state.py:_handle_started()] - Job state initialized: standby
2023-11-03 15:44:52,355 [klippy_connection.py:_check_ready()] - Klippy ready
2023-11-03 15:44:52,834 [data_store.py:_init_sensors()] - Configuring available sensors: ['heater_bed', 'extruder']
